<?xml version="1.0" encoding="UTF-8" standalone="yes"?>
<persistence xmlns="http://xmlns.jcp.org/xml/ns/persistence"
	xmlns:xsi="http://www.w3.org/2001/XMLSchema-instance" version="2.1"
	xsi:schemaLocation="http://xmlns.jcp.org/xml/ns/persistence http://xmlns.jcp.org/xml/ns/persistence/persistence_2_1.xsd">

	<persistence-unit name="integrum-PU"
		transaction-type="JTA">
		<description>Nabee PU</description>
        <!-- use default data source -->
        <jta-data-source>jdbc/__default</jta-data-source>
		<exclude-unlisted-classes>false</exclude-unlisted-classes>
		<validation-mode>NONE</validation-mode>
		<properties>
            <property name="eclipselink.logging.level" value="FINE" />
            <property name="eclipselink.logging.level.sql" value="FINE"/>
            <property name="eclipselink.logging.parameters" value="true" />
            <property name="eclipselink.persistence-context.flush-mode" value="commit" />
            <property name="eclipselink.cache.shared.default" value="false" />
            <property name="javax.persistence.schema-generation.database.action" value="drop-and-create"/>
		</properties>
	</persistence-unit>
</persistence>
